<?xml version="1.0" encoding="UTF-8"?>
<!-- Generated by org.testng.reporters.JUnitXMLReporter -->
<testsuite hostname="F7HYFH2" ignored="0" name="Test" tests="47" failures="0" timestamp="01 Oct 2019 13:21:04 GMT" time="556.889" errors="0">
  <testcase name="NC00" time="29.263" classname="com.bankguru.scripts.RegisterScript"/>
  <testcase name="NC00" time="21.396" classname="com.bankguru.scripts.NewCustomerScript"/>
  <testcase name="NC01" time="0.193" classname="com.bankguru.scripts.NewCustomerScript"/>
  <testcase name="NC02" time="0.198" classname="com.bankguru.scripts.NewCustomerScript"/>
  <testcase name="NC03" time="0.291" classname="com.bankguru.scripts.NewCustomerScript"/>
  <testcase name="NC04" time="0.228" classname="com.bankguru.scripts.NewCustomerScript"/>
  <testcase name="NC05" time="0.333" classname="com.bankguru.scripts.NewCustomerScript"/>
  <testcase name="NC06" time="0.175" classname="com.bankguru.scripts.NewCustomerScript"/>
  <testcase name="NC08" time="0.39" classname="com.bankguru.scripts.NewCustomerScript"/>
  <testcase name="NC09" time="0.271" classname="com.bankguru.scripts.NewCustomerScript"/>
  <testcase name="NC10" time="0.21" classname="com.bankguru.scripts.NewCustomerScript"/>
  <testcase name="NC11" time="0.159" classname="com.bankguru.scripts.NewCustomerScript"/>
  <testcase name="NC12" time="0.385" classname="com.bankguru.scripts.NewCustomerScript"/>
  <testcase name="NC13" time="0.301" classname="com.bankguru.scripts.NewCustomerScript"/>
  <testcase name="NC14" time="0.3" classname="com.bankguru.scripts.NewCustomerScript"/>
  <testcase name="NC15" time="0.278" classname="com.bankguru.scripts.NewCustomerScript"/>
  <testcase name="NC16" time="0.395" classname="com.bankguru.scripts.NewCustomerScript"/>
  <testcase name="NC18" time="0.274" classname="com.bankguru.scripts.NewCustomerScript"/>
  <testcase name="NC19" time="0.183" classname="com.bankguru.scripts.NewCustomerScript"/>
  <testcase name="NC20" time="0.15" classname="com.bankguru.scripts.NewCustomerScript"/>
  <testcase name="NC22" time="0.29" classname="com.bankguru.scripts.NewCustomerScript"/>
  <testcase name="NC23" time="0.246" classname="com.bankguru.scripts.NewCustomerScript"/>
  <testcase name="NC24" time="0.502" classname="com.bankguru.scripts.NewCustomerScript"/>
  <testcase name="NC25" time="0.375" classname="com.bankguru.scripts.NewCustomerScript"/>
  <testcase name="NC26" time="0.328" classname="com.bankguru.scripts.NewCustomerScript"/>
  <testcase name="NC27" time="0.271" classname="com.bankguru.scripts.NewCustomerScript"/>
  <testcase name="NC29" time="0.301" classname="com.bankguru.scripts.NewCustomerScript"/>
  <testcase name="NC30" time="0.809" classname="com.bankguru.scripts.NewCustomerScript"/>
  <testcase name="EC01" time="15.483" classname="com.bankguru.scripts.EditCustomerScript"/>
  <testcase name="EC02" time="14.384" classname="com.bankguru.scripts.EditCustomerScript"/>
  <testcase name="EC03" time="14.601" classname="com.bankguru.scripts.EditCustomerScript"/>
  <testcase name="EC04" time="29.48" classname="com.bankguru.scripts.EditCustomerScript"/>
  <testcase name="EC08" time="0.511" classname="com.bankguru.scripts.EditCustomerScript"/>
  <testcase name="EC09" time="0.477" classname="com.bankguru.scripts.EditCustomerScript"/>
  <testcase name="EC10" time="0.219" classname="com.bankguru.scripts.EditCustomerScript"/>
  <testcase name="EC11" time="0.389" classname="com.bankguru.scripts.EditCustomerScript"/>
  <testcase name="EC12" time="0.362" classname="com.bankguru.scripts.EditCustomerScript"/>
  <testcase name="EC13" time="0.183" classname="com.bankguru.scripts.EditCustomerScript"/>
  <testcase name="EC14" time="0.181" classname="com.bankguru.scripts.EditCustomerScript"/>
  <testcase name="EC15" time="0.26" classname="com.bankguru.scripts.EditCustomerScript"/>
  <testcase name="EC16" time="0.212" classname="com.bankguru.scripts.EditCustomerScript"/>
  <testcase name="EC17" time="0.187" classname="com.bankguru.scripts.EditCustomerScript"/>
  <testcase name="EC18" time="0.225" classname="com.bankguru.scripts.EditCustomerScript"/>
  <testcase name="EC19" time="0.288" classname="com.bankguru.scripts.EditCustomerScript"/>
  <testcase name="EC20" time="0.179" classname="com.bankguru.scripts.EditCustomerScript"/>
  <testcase name="EC21" time="0.249" classname="com.bankguru.scripts.EditCustomerScript"/>
  <testcase name="EC22" time="0.194" classname="com.bankguru.scripts.EditCustomerScript"/>
</testsuite> <!-- Test -->
