<?xml version="1.0" encoding="UTF-8"?>
<!-- Generated by org.testng.reporters.JUnitXMLReporter -->
<testsuite hostname="F7HYFH2" ignored="0" name="Test firefox" tests="47" failures="0" timestamp="01 Sep 2019 10:18:59 GMT" time="125.884" errors="0">
  <testcase name="NC00" time="4.581" classname="com.bankguru.scripts.RegisterScript"/>
  <testcase name="NC00" time="2.891" classname="com.bankguru.scripts.NewCustomerScript"/>
  <testcase name="NC01" time="0.342" classname="com.bankguru.scripts.NewCustomerScript"/>
  <testcase name="NC02" time="0.105" classname="com.bankguru.scripts.NewCustomerScript"/>
  <testcase name="NC03" time="0.193" classname="com.bankguru.scripts.NewCustomerScript"/>
  <testcase name="NC04" time="0.217" classname="com.bankguru.scripts.NewCustomerScript"/>
  <testcase name="NC05" time="0.384" classname="com.bankguru.scripts.NewCustomerScript"/>
  <testcase name="NC06" time="0.213" classname="com.bankguru.scripts.NewCustomerScript"/>
  <testcase name="NC08" time="0.354" classname="com.bankguru.scripts.NewCustomerScript"/>
  <testcase name="NC09" time="0.132" classname="com.bankguru.scripts.NewCustomerScript"/>
  <testcase name="NC10" time="0.164" classname="com.bankguru.scripts.NewCustomerScript"/>
  <testcase name="NC11" time="0.112" classname="com.bankguru.scripts.NewCustomerScript"/>
  <testcase name="NC12" time="0.392" classname="com.bankguru.scripts.NewCustomerScript"/>
  <testcase name="NC13" time="0.137" classname="com.bankguru.scripts.NewCustomerScript"/>
  <testcase name="NC14" time="0.215" classname="com.bankguru.scripts.NewCustomerScript"/>
  <testcase name="NC15" time="0.48" classname="com.bankguru.scripts.NewCustomerScript"/>
  <testcase name="NC16" time="0.168" classname="com.bankguru.scripts.NewCustomerScript"/>
  <testcase name="NC18" time="0.268" classname="com.bankguru.scripts.NewCustomerScript"/>
  <testcase name="NC19" time="0.137" classname="com.bankguru.scripts.NewCustomerScript"/>
  <testcase name="NC20" time="0.22" classname="com.bankguru.scripts.NewCustomerScript"/>
  <testcase name="NC22" time="0.305" classname="com.bankguru.scripts.NewCustomerScript"/>
  <testcase name="NC23" time="0.277" classname="com.bankguru.scripts.NewCustomerScript"/>
  <testcase name="NC24" time="0.117" classname="com.bankguru.scripts.NewCustomerScript"/>
  <testcase name="NC25" time="0.238" classname="com.bankguru.scripts.NewCustomerScript"/>
  <testcase name="NC26" time="0.4" classname="com.bankguru.scripts.NewCustomerScript"/>
  <testcase name="NC27" time="0.182" classname="com.bankguru.scripts.NewCustomerScript"/>
  <testcase name="NC29" time="0.096" classname="com.bankguru.scripts.NewCustomerScript"/>
  <testcase name="NC30" time="0.356" classname="com.bankguru.scripts.NewCustomerScript"/>
  <testcase name="EC01" time="1.346" classname="com.bankguru.scripts.EditCustomerScript"/>
  <testcase name="EC02" time="1.35" classname="com.bankguru.scripts.EditCustomerScript"/>
  <testcase name="EC03" time="2.399" classname="com.bankguru.scripts.EditCustomerScript"/>
  <testcase name="EC04" time="2.625" classname="com.bankguru.scripts.EditCustomerScript"/>
  <testcase name="EC08" time="0.5" classname="com.bankguru.scripts.EditCustomerScript"/>
  <testcase name="EC09" time="0.366" classname="com.bankguru.scripts.EditCustomerScript"/>
  <testcase name="EC10" time="0.135" classname="com.bankguru.scripts.EditCustomerScript"/>
  <testcase name="EC11" time="0.146" classname="com.bankguru.scripts.EditCustomerScript"/>
  <testcase name="EC12" time="0.361" classname="com.bankguru.scripts.EditCustomerScript"/>
  <testcase name="EC13" time="0.122" classname="com.bankguru.scripts.EditCustomerScript"/>
  <testcase name="EC14" time="0.117" classname="com.bankguru.scripts.EditCustomerScript"/>
  <testcase name="EC15" time="0.136" classname="com.bankguru.scripts.EditCustomerScript"/>
  <testcase name="EC16" time="0.332" classname="com.bankguru.scripts.EditCustomerScript"/>
  <testcase name="EC17" time="0.121" classname="com.bankguru.scripts.EditCustomerScript"/>
  <testcase name="EC18" time="0.121" classname="com.bankguru.scripts.EditCustomerScript"/>
  <testcase name="EC19" time="0.337" classname="com.bankguru.scripts.EditCustomerScript"/>
  <testcase name="EC20" time="0.116" classname="com.bankguru.scripts.EditCustomerScript"/>
  <testcase name="EC21" time="0.337" classname="com.bankguru.scripts.EditCustomerScript"/>
  <testcase name="EC22" time="0.121" classname="com.bankguru.scripts.EditCustomerScript"/>
</testsuite> <!-- Test firefox -->
