<?xml version="1.0" encoding="UTF-8"?>
<!-- Generated by org.testng.reporters.JUnitXMLReporter -->
<testsuite ignored="0" hostname="F7HYFH2" failures="0" tests="47" name="Test" time="184.593" errors="0" timestamp="24 Oct 2019 13:35:26 GMT">
  <testcase classname="com.bankguru.scripts.RegisterScript" name="NC00" time="6.938"/>
  <testcase classname="com.bankguru.scripts.NewCustomerScript" name="NC00" time="5.143"/>
  <testcase classname="com.bankguru.scripts.NewCustomerScript" name="NC01" time="0.27"/>
  <testcase classname="com.bankguru.scripts.NewCustomerScript" name="NC02" time="0.168"/>
  <testcase classname="com.bankguru.scripts.NewCustomerScript" name="NC03" time="0.22"/>
  <testcase classname="com.bankguru.scripts.NewCustomerScript" name="NC04" time="0.161"/>
  <testcase classname="com.bankguru.scripts.NewCustomerScript" name="NC05" time="0.219"/>
  <testcase classname="com.bankguru.scripts.NewCustomerScript" name="NC06" time="0.153"/>
  <testcase classname="com.bankguru.scripts.NewCustomerScript" name="NC08" time="0.211"/>
  <testcase classname="com.bankguru.scripts.NewCustomerScript" name="NC09" time="0.173"/>
  <testcase classname="com.bankguru.scripts.NewCustomerScript" name="NC10" time="0.224"/>
  <testcase classname="com.bankguru.scripts.NewCustomerScript" name="NC11" time="0.246"/>
  <testcase classname="com.bankguru.scripts.NewCustomerScript" name="NC12" time="0.204"/>
  <testcase classname="com.bankguru.scripts.NewCustomerScript" name="NC13" time="0.199"/>
  <testcase classname="com.bankguru.scripts.NewCustomerScript" name="NC14" time="0.249"/>
  <testcase classname="com.bankguru.scripts.NewCustomerScript" name="NC15" time="0.232"/>
  <testcase classname="com.bankguru.scripts.NewCustomerScript" name="NC16" time="0.242"/>
  <testcase classname="com.bankguru.scripts.NewCustomerScript" name="NC18" time="0.182"/>
  <testcase classname="com.bankguru.scripts.NewCustomerScript" name="NC19" time="0.14"/>
  <testcase classname="com.bankguru.scripts.NewCustomerScript" name="NC20" time="0.145"/>
  <testcase classname="com.bankguru.scripts.NewCustomerScript" name="NC22" time="0.207"/>
  <testcase classname="com.bankguru.scripts.NewCustomerScript" name="NC23" time="0.14"/>
  <testcase classname="com.bankguru.scripts.NewCustomerScript" name="NC24" time="0.173"/>
  <testcase classname="com.bankguru.scripts.NewCustomerScript" name="NC25" time="0.17"/>
  <testcase classname="com.bankguru.scripts.NewCustomerScript" name="NC26" time="0.234"/>
  <testcase classname="com.bankguru.scripts.NewCustomerScript" name="NC27" time="0.247"/>
  <testcase classname="com.bankguru.scripts.NewCustomerScript" name="NC29" time="0.19"/>
  <testcase classname="com.bankguru.scripts.NewCustomerScript" name="NC30" time="0.615"/>
  <testcase classname="com.bankguru.scripts.EditCustomerScript" name="EC01" time="6.389"/>
  <testcase classname="com.bankguru.scripts.EditCustomerScript" name="EC02" time="3.102"/>
  <testcase classname="com.bankguru.scripts.EditCustomerScript" name="EC03" time="5.163"/>
  <testcase classname="com.bankguru.scripts.EditCustomerScript" name="EC04" time="5.829"/>
  <testcase classname="com.bankguru.scripts.EditCustomerScript" name="EC08" time="0.488"/>
  <testcase classname="com.bankguru.scripts.EditCustomerScript" name="EC09" time="0.327"/>
  <testcase classname="com.bankguru.scripts.EditCustomerScript" name="EC10" time="0.448"/>
  <testcase classname="com.bankguru.scripts.EditCustomerScript" name="EC11" time="0.328"/>
  <testcase classname="com.bankguru.scripts.EditCustomerScript" name="EC12" time="0.427"/>
  <testcase classname="com.bankguru.scripts.EditCustomerScript" name="EC13" time="0.196"/>
  <testcase classname="com.bankguru.scripts.EditCustomerScript" name="EC14" time="0.184"/>
  <testcase classname="com.bankguru.scripts.EditCustomerScript" name="EC15" time="0.463"/>
  <testcase classname="com.bankguru.scripts.EditCustomerScript" name="EC16" time="0.205"/>
  <testcase classname="com.bankguru.scripts.EditCustomerScript" name="EC17" time="0.181"/>
  <testcase classname="com.bankguru.scripts.EditCustomerScript" name="EC18" time="0.361"/>
  <testcase classname="com.bankguru.scripts.EditCustomerScript" name="EC19" time="0.478"/>
  <testcase classname="com.bankguru.scripts.EditCustomerScript" name="EC20" time="0.214"/>
  <testcase classname="com.bankguru.scripts.EditCustomerScript" name="EC21" time="0.385"/>
  <testcase classname="com.bankguru.scripts.EditCustomerScript" name="EC22" time="0.231"/>
</testsuite> <!-- Test -->
